# JRE version: Java(TM) SE Runtime Environment (8.0_241-b07) (build 1.8.0_241-b07)
# Java VM: Java HotSpot(TM) 64-Bit Server VM (25.241-b07 mixed mode windows-amd64 compressed oops)
Heap:
 PSYoungGen      total 141312K, used 10465K [0x00000000db200000, 0x00000000e6380000, 0x0000000100000000)
  eden space 131584K, 7% used [0x00000000db200000,0x00000000dbc38678,0x00000000e3280000)
  from space 9728K, 0% used [0x00000000e3c80000,0x00000000e3c80000,0x00000000e4600000)
  to   space 10240K, 0% used [0x00000000e3280000,0x00000000e3280000,0x00000000e3c80000)
 ParOldGen       total 74752K, used 11131K [0x0000000091600000, 0x0000000095f00000, 0x00000000db200000)
  object space 74752K, 14% used [0x0000000091600000,0x00000000920dee88,0x0000000095f00000)
 Metaspace       used 33861K, capacity 35999K, committed 36136K, reserved 1081344K
  class space    used 4264K, capacity 4630K, committed 4736K, reserved 1048576K
GC Heap History (10 events):
Event: 5.069 GC heap before
{Heap before GC invocations=6 (full 1):
 PSYoungGen      total 61952K, used 4589K [0x00000000db200000, 0x00000000e3100000, 0x0000000100000000)
  eden space 57344K, 0% used [0x00000000db200000,0x00000000db200000,0x00000000dea00000)
  from space 4608K, 99% used [0x00000000dea00000,0x00000000dee7b528,0x00000000dee80000)
  to   space 7680K, 0% used [0x00000000e2980000,0x00000000e2980000,0x00000000e3100000)
 ParOldGen       total 76800K, used 4001K [0x0000000091600000, 0x0000000096100000, 0x00000000db200000)
  object space 76800K, 5% used [0x0000000091600000,0x00000000919e8700,0x0000000096100000)
 Metaspace       used 20349K, capacity 21177K, committed 21296K, reserved 1069056K
  class space    used 2496K, capacity 2688K, committed 2688K, reserved 1048576K
Event: 5.135 GC heap after
Heap after GC invocations=6 (full 1):
 PSYoungGen      total 61952K, used 0K [0x00000000db200000, 0x00000000e3100000, 0x0000000100000000)
  eden space 57344K, 0% used [0x00000000db200000,0x00000000db200000,0x00000000dea00000)
  from space 4608K, 0% used [0x00000000dea00000,0x00000000dea00000,0x00000000dee80000)
  to   space 7680K, 0% used [0x00000000e2980000,0x00000000e2980000,0x00000000e3100000)
 ParOldGen       total 51200K, used 7281K [0x0000000091600000, 0x0000000094800000, 0x00000000db200000)
  object space 51200K, 14% used [0x0000000091600000,0x0000000091d1c480,0x0000000094800000)
 Metaspace       used 20349K, capacity 21177K, committed 21296K, reserved 1069056K
  class space    used 2496K, capacity 2688K, committed 2688K, reserved 1048576K
}
Event: 7.210 GC heap before
{Heap before GC invocations=7 (full 1):
 PSYoungGen      total 61952K, used 57344K [0x00000000db200000, 0x00000000e3100000, 0x0000000100000000)
  eden space 57344K, 100% used [0x00000000db200000,0x00000000dea00000,0x00000000dea00000)
  from space 4608K, 0% used [0x00000000dea00000,0x00000000dea00000,0x00000000dee80000)
  to   space 7680K, 0% used [0x00000000e2980000,0x00000000e2980000,0x00000000e3100000)
 ParOldGen       total 51200K, used 7281K [0x0000000091600000, 0x0000000094800000, 0x00000000db200000)
  object space 51200K, 14% used [0x0000000091600000,0x0000000091d1c480,0x0000000094800000)
 Metaspace       used 23585K, capacity 24663K, committed 24960K, reserved 1071104K
  class space    used 2911K, capacity 3150K, committed 3200K, reserved 1048576K
Event: 7.222 GC heap after
Heap after GC invocations=7 (full 1):
 PSYoungGen      total 93696K, used 5242K [0x00000000db200000, 0x00000000e2f00000, 0x0000000100000000)
  eden space 88064K, 0% used [0x00000000db200000,0x00000000db200000,0x00000000e0800000)
  from space 5632K, 93% used [0x00000000e2980000,0x00000000e2e9eb40,0x00000000e2f00000)
  to   space 7680K, 0% used [0x00000000e2000000,0x00000000e2000000,0x00000000e2780000)
 ParOldGen       total 51200K, used 7289K [0x0000000091600000, 0x0000000094800000, 0x00000000db200000)
  object space 51200K, 14% used [0x0000000091600000,0x0000000091d1e480,0x0000000094800000)
 Metaspace       used 23585K, capacity 24663K, committed 24960K, reserved 1071104K
  class space    used 2911K, capacity 3150K, committed 3200K, reserved 1048576K
}
Event: 10.977 GC heap before
{Heap before GC invocations=8 (full 1):
 PSYoungGen      total 93696K, used 93306K [0x00000000db200000, 0x00000000e2f00000, 0x0000000100000000)
  eden space 88064K, 100% used [0x00000000db200000,0x00000000e0800000,0x00000000e0800000)
  from space 5632K, 93% used [0x00000000e2980000,0x00000000e2e9eb40,0x00000000e2f00000)
  to   space 7680K, 0% used [0x00000000e2000000,0x00000000e2000000,0x00000000e2780000)
 ParOldGen       total 51200K, used 7289K [0x0000000091600000, 0x0000000094800000, 0x00000000db200000)
  object space 51200K, 14% used [0x0000000091600000,0x0000000091d1e480,0x0000000094800000)
 Metaspace       used 30223K, capacity 32229K, committed 32384K, reserved 1077248K
  class space    used 3797K, capacity 4151K, committed 4224K, reserved 1048576K
Event: 11.005 GC heap after
Heap after GC invocations=8 (full 1):
 PSYoungGen      total 120320K, used 7667K [0x00000000db200000, 0x00000000e4600000, 0x0000000100000000)
  eden space 112640K, 0% used [0x00000000db200000,0x00000000db200000,0x00000000e2000000)
  from space 7680K, 99% used [0x00000000e2000000,0x00000000e277cd00,0x00000000e2780000)
  to   space 9728K, 0% used [0x00000000e3c80000,0x00000000e3c80000,0x00000000e4600000)
 ParOldGen       total 51200K, used 9777K [0x0000000091600000, 0x0000000094800000, 0x00000000db200000)
  object space 51200K, 19% used [0x0000000091600000,0x0000000091f8c748,0x0000000094800000)
 Metaspace       used 30223K, capacity 32229K, committed 32384K, reserved 1077248K
  class space    used 3797K, capacity 4151K, committed 4224K, reserved 1048576K
}
Event: 38.355 GC heap before
{Heap before GC invocations=9 (full 1):
 PSYoungGen      total 120320K, used 43802K [0x00000000db200000, 0x00000000e4600000, 0x0000000100000000)
  eden space 112640K, 32% used [0x00000000db200000,0x00000000dd549c30,0x00000000e2000000)
  from space 7680K, 99% used [0x00000000e2000000,0x00000000e277cd00,0x00000000e2780000)
  to   space 9728K, 0% used [0x00000000e3c80000,0x00000000e3c80000,0x00000000e4600000)
 ParOldGen       total 51200K, used 9777K [0x0000000091600000, 0x0000000094800000, 0x00000000db200000)
  object space 51200K, 19% used [0x0000000091600000,0x0000000091f8c748,0x0000000094800000)
 Metaspace       used 33297K, capacity 35437K, committed 35496K, reserved 1081344K
  class space    used 4207K, capacity 4595K, committed 4608K, reserved 1048576K
Event: 38.386 GC heap after
Heap after GC invocations=9 (full 1):
 PSYoungGen      total 141312K, used 8384K [0x00000000db200000, 0x00000000e6380000, 0x0000000100000000)
  eden space 131584K, 0% used [0x00000000db200000,0x00000000db200000,0x00000000e3280000)
  from space 9728K, 86% used [0x00000000e3c80000,0x00000000e44b03d0,0x00000000e4600000)
  to   space 10240K, 0% used [0x00000000e3280000,0x00000000e3280000,0x00000000e3c80000)
 ParOldGen       total 51200K, used 9777K [0x0000000091600000, 0x0000000094800000, 0x00000000db200000)
  object space 51200K, 19% used [0x0000000091600000,0x0000000091f8c748,0x0000000094800000)
 Metaspace       used 33297K, capacity 35437K, committed 35496K, reserved 1081344K
  class space    used 4207K, capacity 4595K, committed 4608K, reserved 1048576K
}
Event: 38.386 GC heap before
{Heap before GC invocations=10 (full 2):
 PSYoungGen      total 141312K, used 8384K [0x00000000db200000, 0x00000000e6380000, 0x0000000100000000)
  eden space 131584K, 0% used [0x00000000db200000,0x00000000db200000,0x00000000e3280000)
  from space 9728K, 86% used [0x00000000e3c80000,0x00000000e44b03d0,0x00000000e4600000)
  to   space 10240K, 0% used [0x00000000e3280000,0x00000000e3280000,0x00000000e3c80000)
 ParOldGen       total 51200K, used 9777K [0x0000000091600000, 0x0000000094800000, 0x00000000db200000)
  object space 51200K, 19% used [0x0000000091600000,0x0000000091f8c748,0x0000000094800000)
 Metaspace       used 33297K, capacity 35437K, committed 35496K, reserved 1081344K
  class space    used 4207K, capacity 4595K, committed 4608K, reserved 1048576K
Event: 38.516 GC heap after
Heap after GC invocations=10 (full 2):
 PSYoungGen      total 141312K, used 0K [0x00000000db200000, 0x00000000e6380000, 0x0000000100000000)
  eden space 131584K, 0% used [0x00000000db200000,0x00000000db200000,0x00000000e3280000)
  from space 9728K, 0% used [0x00000000e3c80000,0x00000000e3c80000,0x00000000e4600000)
  to   space 10240K, 0% used [0x00000000e3280000,0x00000000e3280000,0x00000000e3c80000)
 ParOldGen       total 74752K, used 11131K [0x0000000091600000, 0x0000000095f00000, 0x00000000db200000)
  object space 74752K, 14% used [0x0000000091600000,0x00000000920dee88,0x0000000095f00000)
 Metaspace       used 33297K, capacity 35437K, committed 35496K, reserved 1081344K
  class space    used 4207K, capacity 4595K, committed 4608K, reserved 1048576K
}

